SF:lib/core/constants/category_enum.g.dart
DA:13,0
DA:15,0
DA:16,0
DA:18,0
DA:20,0
DA:22,0
DA:24,0
DA:26,0
DA:28,0
DA:35,0
DA:38,0
DA:39,0
DA:41,0
DA:42,0
DA:44,0
DA:45,0
DA:47,0
DA:48,0
DA:50,0
DA:51,0
DA:53,0
DA:54,0
DA:56,0
DA:57,0
DA:62,0
DA:63,0
DA:65,0
DA:68,0
DA:69,0
DA:70,0
LF:30
LH:0
end_of_record
SF:lib/core/constants/category_enum.dart
DA:25,1
DA:27,1
DA:29,1
DA:31,1
DA:33,1
DA:35,1
DA:37,1
DA:39,1
DA:46,1
DA:48,1
DA:50,1
DA:52,1
DA:54,1
DA:56,1
DA:58,1
DA:60,1
DA:65,1
DA:67,1
DA:69,1
DA:71,1
DA:73,1
DA:75,1
DA:77,1
DA:79,1
DA:88,0
DA:90,0
DA:92,0
DA:94,0
DA:96,0
DA:98,0
LF:30
LH:24
end_of_record
SF:lib/features/expenses/domain/entities/expense.dart
DA:14,4
DA:22,2
DA:24,0
DA:25,0
DA:26,0
DA:27,0
DA:28,0
DA:29,0
DA:30,0
DA:31,0
DA:32,0
LF:11
LH:2
end_of_record
SF:lib/features/expenses/service/expense_calculation_service.dart
DA:9,1
DA:11,4
DA:12,4
DA:17,1
DA:19,4
DA:20,5
DA:25,1
DA:26,1
DA:27,1
DA:28,1
DA:33,1
DA:34,1
DA:35,1
DA:36,1
DA:38,1
DA:42,1
DA:43,5
DA:44,5
DA:50,1
DA:53,1
DA:55,2
DA:56,2
DA:58,2
DA:59,2
DA:60,3
DA:69,1
DA:72,1
DA:74,2
DA:76,7
DA:77,4
DA:80,1
DA:81,1
DA:82,2
DA:87,1
DA:88,5
DA:89,1
DA:91,1
DA:92,2
DA:96,1
DA:97,5
DA:98,1
DA:100,1
DA:101,2
DA:114,2
DA:124,3
DA:127,3
DA:130,1
DA:131,4
DA:132,6
DA:136,1
DA:137,4
DA:138,6
DA:141,1
DA:143,3
DA:144,2
DA:145,2
DA:148,1
DA:151,1
DA:152,3
DA:153,3
DA:154,3
DA:155,3
DA:156,3
DA:157,0
DA:160,1
DA:162,1
DA:163,1
DA:164,1
DA:165,1
DA:166,1
DA:167,1
DA:168,1
LF:72
LH:71
end_of_record
SF:lib/features/expenses/data/datasources/expense_local_datasource.dart
DA:14,1
DA:16,1
DA:18,3
DA:20,1
DA:22,0
DA:23,0
DA:24,0
DA:27,0
DA:29,1
DA:31,0
DA:32,0
DA:33,0
DA:36,0
DA:38,1
DA:39,0
DA:43,5
DA:45,4
DA:46,2
DA:47,3
DA:48,4
DA:51,0
DA:53,0
LF:22
LH:11
end_of_record
SF:lib/features/expenses/data/models/expense_model.dart
DA:40,2
DA:49,0
DA:50,2
DA:60,0
DA:61,0
DA:62,0
DA:63,0
DA:64,0
DA:65,0
DA:66,0
DA:67,0
DA:68,0
DA:69,0
LF:13
LH:2
end_of_record
SF:lib/features/expenses/data/models/expense_model.g.dart
DA:13,0
DA:15,0
DA:16,0
DA:17,0
DA:19,0
DA:20,0
DA:21,0
DA:22,0
DA:23,0
DA:24,0
DA:25,0
DA:26,0
DA:27,0
DA:31,0
DA:34,0
DA:35,0
DA:36,0
DA:37,0
DA:38,0
DA:39,0
DA:40,0
DA:41,0
DA:42,0
DA:43,0
DA:44,0
DA:45,0
DA:46,0
DA:47,0
DA:48,0
DA:49,0
DA:50,0
DA:53,0
DA:54,0
DA:56,0
DA:59,0
DA:60,0
DA:61,0
LF:37
LH:0
end_of_record
SF:lib/features/expenses/domain/usecases/get_expenses.dart
DA:11,1
DA:23,0
DA:25,0
DA:26,0
LF:4
LH:1
end_of_record
SF:lib/features/expenses/service/expense_validation.dart
DA:2,1
DA:3,1
DA:7,1
DA:9,1
DA:13,1
DA:18,1
DA:19,1
DA:28,1
DA:33,1
DA:34,1
DA:39,5
DA:40,1
DA:48,1
DA:49,1
DA:50,1
DA:51,2
DA:52,3
LF:17
LH:17
end_of_record
SF:lib/features/expenses/presentation/widgets/expense_list_item.dart
DA:9,1
DA:11,1
DA:13,1
DA:16,1
DA:17,1
DA:19,1
DA:20,1
DA:21,1
DA:27,1
DA:28,1
DA:29,1
DA:30,1
DA:31,4
DA:35,1
DA:36,3
DA:37,3
DA:42,1
DA:43,1
DA:45,1
DA:46,1
DA:47,3
DA:62,1
DA:64,1
DA:65,1
DA:66,3
DA:67,5
DA:68,7
DA:74,1
DA:75,3
DA:76,8
DA:77,10
DA:81,1
DA:82,3
DA:92,1
DA:93,1
DA:94,4
DA:95,5
DA:96,4
DA:98,1
DA:99,3
DA:100,1
DA:101,3
DA:103,2
LF:43
LH:43
end_of_record
SF:lib/features/currency/data/datasources/currency_remote_datasource.dart
DA:14,0
DA:16,0
DA:18,0
DA:19,0
DA:20,0
DA:22,0
LF:6
LH:0
end_of_record
SF:lib/features/currency/services/currency_calculation_service.dart
DA:6,1
DA:17,1
DA:23,1
DA:29,2
DA:32,1
DA:33,1
DA:34,0
DA:37,1
DA:38,3
DA:42,1
DA:44,2
DA:47,1
DA:48,2
DA:53,1
DA:55,2
DA:65,1
DA:70,1
DA:76,2
DA:79,1
DA:80,1
DA:81,0
DA:84,1
DA:85,3
DA:89,1
DA:91,0
DA:94,1
DA:95,0
DA:100,1
DA:102,0
DA:113,1
DA:119,1
DA:125,2
DA:128,1
DA:129,1
DA:130,0
DA:133,1
DA:134,3
DA:138,1
DA:139,1
DA:142,0
DA:146,0
DA:149,1
DA:150,0
DA:153,1
DA:154,0
DA:159,2
DA:161,0
DA:170,1
DA:172,2
DA:173,1
DA:174,1
DA:178,1
DA:179,3
DA:182,1
DA:191,1
DA:193,2
DA:194,1
DA:195,1
DA:196,0
DA:199,1
DA:200,3
DA:203,2
DA:205,1
LF:63
LH:51
end_of_record
